[debug] [2021-04-21T17:35:45.893Z] ----------------------------------------------------------------------
[debug] [2021-04-21T17:35:45.895Z] Command:       C:\Program Files\nodejs\node.exe C:\Users\HC\AppData\Roaming\npm\node_modules\firebase-tools\lib\bin\firebase.js init
[debug] [2021-04-21T17:35:45.895Z] CLI Version:   9.5.0
[debug] [2021-04-21T17:35:45.896Z] Platform:      win32
[debug] [2021-04-21T17:35:45.896Z] Node Version:  v15.3.0
[debug] [2021-04-21T17:35:45.896Z] Time:          Wed Apr 21 2021 22:35:45 GMT+0500 (Pakistan Standard Time)
[debug] [2021-04-21T17:35:45.897Z] ----------------------------------------------------------------------
[debug] [2021-04-21T17:35:45.897Z] 
[debug] [2021-04-21T17:35:45.899Z] >>> [apiv2][query] GET https://firebase-public.firebaseio.com/cli.json [none]
[debug] [2021-04-21T17:35:45.920Z] > command requires scopes: ["email","openid","https://www.googleapis.com/auth/cloudplatformprojects.readonly","https://www.googleapis.com/auth/firebase","https://www.googleapis.com/auth/cloud-platform"]
[debug] [2021-04-21T17:35:45.920Z] > authorizing via signed-in user
[info] 
     ######## #### ########  ######## ########     ###     ######  ########
     ##        ##  ##     ## ##       ##     ##  ##   ##  ##       ##
     ######    ##  ########  ######   ########  #########  ######  ######
     ##        ##  ##    ##  ##       ##     ## ##     ##       ## ##
     ##       #### ##     ## ######## ########  ##     ##  ######  ########

You're about to initialize a Firebase project in this directory:

  D:\bootcamp 2020\Class 18 - PWA -Daniyal Nagori\firebase-messaging-app

[debug] [2021-04-21T17:35:46.787Z] <<< [apiv2][status] GET https://firebase-public.firebaseio.com/cli.json 200
[debug] [2021-04-21T17:35:46.787Z] <<< [apiv2][body] GET https://firebase-public.firebaseio.com/cli.json {"cloudBuildErrorAfter":1594252800000,"cloudBuildWarnAfter":1590019200000,"defaultNode10After":1594252800000,"minVersion":"3.0.5","node8DeploysDisabledAfter":1613390400000,"node8RuntimeDisabledAfter":1615809600000,"node8WarnAfter":1600128000000}
